-1 1551103419.096714 00000000.ppm [rgb]
-1 1551103419.137730 00000001.ppm [rgb]
-1 1551103419.226050 00000002.ppm [rgb]
-1 1551103419.256701 00000003.ppm [rgb]
-1 1551103419.285354 00000004.ppm [rgb]
-1 1551103419.353913 00000005.ppm [rgb]
-1 1551103419.367014 00000006.ppm [rgb]
-1 1551103419.396888 00000007.ppm [rgb]
-1 1551103419.427838 00000008.ppm [rgb]
-1 1551103419.459707 00000009.ppm [rgb]
-1 1551103419.490116 00000010.ppm [rgb]
-1 1551103419.521835 00000011.ppm [rgb]
-1 1551103419.554153 00000012.ppm [rgb]
-1 1551103419.581285 00000013.ppm [rgb]
-1 1551103419.613469 00000014.ppm [rgb]
-1 1551103419.674285 00000015.ppm [rgb]
-1 1551103419.701532 00000016.ppm [rgb]
-1 1551103419.792161 00000017.ppm [rgb]
-1 1551103419.889018 00000018.ppm [rgb]
-1 1551103419.916748 00000019.ppm [rgb]
-1 1551103419.976223 00000020.ppm [rgb]
-1 1551103420.007109 00000021.ppm [rgb]
-1 1551103420.037289 00000022.ppm [rgb]
-1 1551103420.087787 00000023.ppm [rgb]
-1 1551103420.099773 00000024.ppm [rgb]
-1 1551103420.128009 00000025.ppm [rgb]
-1 1551103420.158968 00000026.ppm [rgb]
-1 1551103420.204444 00000027.ppm [rgb]
-1 1551103420.217980 00000028.ppm [rgb]
-1 1551103420.265333 00000029.ppm [rgb]
-1 1551103420.393076 00000030.ppm [rgb]
-1 1551103420.403757 00000031.ppm [rgb]
-1 1551103420.461668 00000032.ppm [rgb]
-1 1551103420.491658 00000033.ppm [rgb]
-1 1551103420.522457 00000034.ppm [rgb]
-1 1551103420.552237 00000035.ppm [rgb]
-1 1551103420.703488 00000036.ppm [rgb]
-1 1551103420.755207 00000037.ppm [rgb]
-1 1551103420.769657 00000038.ppm [rgb]
-1 1551103420.796940 00000039.ppm [rgb]
-1 1551103420.827066 00000040.ppm [rgb]
-1 1551103420.875384 00000041.ppm [rgb]
-1 1551103420.948558 00000042.ppm [rgb]
-1 1551103420.978348 00000043.ppm [rgb]
-1 1551103421.039309 00000044.ppm [rgb]
-1 1551103421.099031 00000045.ppm [rgb]
-1 1551103421.128814 00000046.ppm [rgb]
-1 1551103421.159269 00000047.ppm [rgb]
-1 1551103421.189825 00000048.ppm [rgb]
-1 1551103421.218629 00000049.ppm [rgb]
-1 1551103421.247978 00000050.ppm [rgb]
-1 1551103421.302714 00000051.ppm [rgb]
-1 1551103421.343990 00000052.ppm [rgb]
-1 1551103421.374184 00000053.ppm [rgb]
-1 1551103421.403679 00000054.ppm [rgb]
-1 1551103421.454396 00000055.ppm [rgb]
-1 1551103421.469107 00000056.ppm [rgb]
-1 1551103421.495979 00000057.ppm [rgb]
-1 1551103421.556554 00000058.ppm [rgb]
-1 1551103421.586617 00000059.ppm [rgb]
-1 1551103421.617545 00000060.ppm [rgb]
-1 1551103421.647289 00000061.ppm [rgb]
-1 1551103421.696003 00000062.ppm [rgb]
-1 1551103421.709479 00000063.ppm [rgb]
-1 1551103421.738013 00000064.ppm [rgb]
-1 1551103421.770969 00000065.ppm [rgb]
-1 1551103421.818339 00000066.ppm [rgb]
-1 1551103421.832265 00000067.ppm [rgb]
-1 1551103421.858118 00000068.ppm [rgb]
-1 1551103421.967428 00000069.ppm [rgb]
-1 1551103421.980100 00000070.ppm [rgb]
-1 1551103422.022904 00000071.ppm [rgb]
-1 1551103422.039254 00000072.ppm [rgb]
-1 1551103422.069343 00000073.ppm [rgb]
-1 1551103422.100386 00000074.ppm [rgb]
-1 1551103422.129736 00000075.ppm [rgb]
-1 1551103422.180625 00000076.ppm [rgb]
-1 1551103422.194180 00000077.ppm [rgb]
-1 1551103422.221560 00000078.ppm [rgb]
-1 1551103422.313254 00000079.ppm [rgb]
-1 1551103422.342756 00000080.ppm [rgb]
-1 1551103422.373578 00000081.ppm [rgb]
-1 1551103422.403782 00000082.ppm [rgb]
-1 1551103422.433119 00000083.ppm [rgb]
-1 1551103422.462459 00000084.ppm [rgb]
-1 1551103422.493194 00000085.ppm [rgb]
-1 1551103422.522208 00000086.ppm [rgb]
-1 1551103422.553295 00000087.ppm [rgb]
-1 1551103422.584132 00000088.ppm [rgb]
-1 1551103422.693285 00000089.ppm [rgb]
-1 1551103422.705979 00000090.ppm [rgb]
-1 1551103422.736042 00000091.ppm [rgb]
-1 1551103422.780598 00000092.ppm [rgb]
-1 1551103422.797321 00000093.ppm [rgb]
-1 1551103422.841100 00000094.ppm [rgb]
-1 1551103422.854445 00000095.ppm [rgb]
-1 1551103422.884577 00000096.ppm [rgb]
-1 1551103422.914083 00000097.ppm [rgb]
-1 1551103422.975255 00000098.ppm [rgb]
-1 1551103423.005666 00000099.ppm [rgb]
-1 1551103423.036092 00000100.ppm [rgb]
-1 1551103423.065788 00000101.ppm [rgb]
-1 1551103423.125836 00000102.ppm [rgb]
-1 1551103423.155466 00000103.ppm [rgb]
-1 1551103423.203897 00000104.ppm [rgb]
-1 1551103423.255594 00000105.ppm [rgb]
-1 1551103423.275277 00000106.ppm [rgb]
-1 1551103423.306483 00000107.ppm [rgb]
-1 1551103423.335570 00000108.ppm [rgb]
