-1 1551104370.492572 00000000.ppm [rgb]
-1 1551104370.540995 00000001.ppm [rgb]
-1 1551104370.556408 00000002.ppm [rgb]
-1 1551104370.615055 00000003.ppm [rgb]
-1 1551104370.644240 00000004.ppm [rgb]
-1 1551104370.696407 00000005.ppm [rgb]
-1 1551104370.710351 00000006.ppm [rgb]
-1 1551104370.738939 00000007.ppm [rgb]
-1 1551104370.766880 00000008.ppm [rgb]
-1 1551104370.798747 00000009.ppm [rgb]
-1 1551104370.828418 00000010.ppm [rgb]
-1 1551104370.858869 00000011.ppm [rgb]
-1 1551104370.907952 00000012.ppm [rgb]
-1 1551104370.951299 00000013.ppm [rgb]
-1 1551104370.998965 00000014.ppm [rgb]
-1 1551104371.010674 00000015.ppm [rgb]
-1 1551104371.039666 00000016.ppm [rgb]
-1 1551104371.111136 00000017.ppm [rgb]
-1 1551104371.138621 00000018.ppm [rgb]
-1 1551104371.232754 00000019.ppm [rgb]
-1 1551104371.270159 00000020.ppm [rgb]
-1 1551104371.291239 00000021.ppm [rgb]
-1 1551104371.352983 00000022.ppm [rgb]
-1 1551104371.383054 00000023.ppm [rgb]
-1 1551104371.410989 00000024.ppm [rgb]
-1 1551104371.501746 00000025.ppm [rgb]
-1 1551104371.562598 00000026.ppm [rgb]
-1 1551104371.590525 00000027.ppm [rgb]
-1 1551104371.644369 00000028.ppm [rgb]
-1 1551104371.708158 00000029.ppm [rgb]
-1 1551104371.720737 00000030.ppm [rgb]
-1 1551104371.749358 00000031.ppm [rgb]
-1 1551104371.799591 00000032.ppm [rgb]
-1 1551104371.840476 00000033.ppm [rgb]
-1 1551104371.870479 00000034.ppm [rgb]
-1 1551104371.901535 00000035.ppm [rgb]
-1 1551104371.929960 00000036.ppm [rgb]
-1 1551104371.960961 00000037.ppm [rgb]
-1 1551104371.991452 00000038.ppm [rgb]
-1 1551104372.085542 00000039.ppm [rgb]
-1 1551104372.160754 00000040.ppm [rgb]
-1 1551104372.172179 00000041.ppm [rgb]
-1 1551104372.201233 00000042.ppm [rgb]
-1 1551104372.231581 00000043.ppm [rgb]
-1 1551104372.261598 00000044.ppm [rgb]
-1 1551104372.291902 00000045.ppm [rgb]
-1 1551104372.322910 00000046.ppm [rgb]
-1 1551104372.354119 00000047.ppm [rgb]
-1 1551104372.406208 00000048.ppm [rgb]
-1 1551104372.419367 00000049.ppm [rgb]
-1 1551104372.448882 00000050.ppm [rgb]
-1 1551104372.480372 00000051.ppm [rgb]
-1 1551104372.509969 00000052.ppm [rgb]
-1 1551104372.539198 00000053.ppm [rgb]
-1 1551104372.568984 00000054.ppm [rgb]
-1 1551104372.597042 00000055.ppm [rgb]
-1 1551104372.627983 00000056.ppm [rgb]
-1 1551104372.658337 00000057.ppm [rgb]
-1 1551104372.718609 00000058.ppm [rgb]
-1 1551104372.748768 00000059.ppm [rgb]
-1 1551104372.779011 00000060.ppm [rgb]
-1 1551104372.808309 00000061.ppm [rgb]
-1 1551104372.839658 00000062.ppm [rgb]
-1 1551104372.868859 00000063.ppm [rgb]
-1 1551104372.898018 00000064.ppm [rgb]
-1 1551104372.933090 00000065.ppm [rgb]
-1 1551104372.963133 00000066.ppm [rgb]
-1 1551104373.021785 00000067.ppm [rgb]
-1 1551104373.050351 00000068.ppm [rgb]
-1 1551104373.129819 00000069.ppm [rgb]
-1 1551104373.143269 00000070.ppm [rgb]
-1 1551104373.172293 00000071.ppm [rgb]
-1 1551104373.203639 00000072.ppm [rgb]
-1 1551104373.252400 00000073.ppm [rgb]
-1 1551104373.264434 00000074.ppm [rgb]
-1 1551104373.300479 00000075.ppm [rgb]
-1 1551104373.322700 00000076.ppm [rgb]
-1 1551104373.352782 00000077.ppm [rgb]
-1 1551104373.413934 00000078.ppm [rgb]
-1 1551104373.443694 00000079.ppm [rgb]
-1 1551104373.505322 00000080.ppm [rgb]
-1 1551104373.534446 00000081.ppm [rgb]
-1 1551104373.565058 00000082.ppm [rgb]
-1 1551104373.595697 00000083.ppm [rgb]
-1 1551104373.652452 00000084.ppm [rgb]
-1 1551104373.667519 00000085.ppm [rgb]
-1 1551104373.692892 00000086.ppm [rgb]
-1 1551104373.725268 00000087.ppm [rgb]
-1 1551104373.782026 00000088.ppm [rgb]
-1 1551104373.822458 00000089.ppm [rgb]
-1 1551104373.853796 00000090.ppm [rgb]
-1 1551104373.882465 00000091.ppm [rgb]
-1 1551104373.912975 00000092.ppm [rgb]
-1 1551104373.941882 00000093.ppm [rgb]
-1 1551104373.972735 00000094.ppm [rgb]
-1 1551104374.002472 00000095.ppm [rgb]
-1 1551104374.034026 00000096.ppm [rgb]
-1 1551104374.063813 00000097.ppm [rgb]
-1 1551104374.122731 00000098.ppm [rgb]
-1 1551104374.153244 00000099.ppm [rgb]
-1 1551104374.183553 00000100.ppm [rgb]
-1 1551104374.213489 00000101.ppm [rgb]
-1 1551104374.243815 00000102.ppm [rgb]
-1 1551104374.274177 00000103.ppm [rgb]
-1 1551104374.334741 00000104.ppm [rgb]
-1 1551104374.364820 00000105.ppm [rgb]
-1 1551104374.396822 00000106.ppm [rgb]
-1 1551104374.455730 00000107.ppm [rgb]
-1 1551104374.515055 00000108.ppm [rgb]
-1 1551104374.546370 00000109.ppm [rgb]
-1 1551104374.598303 00000110.ppm [rgb]
-1 1551104374.609852 00000111.ppm [rgb]
-1 1551104374.638934 00000112.ppm [rgb]
-1 1551104374.669605 00000113.ppm [rgb]
-1 1551104374.700069 00000114.ppm [rgb]
-1 1551104374.728871 00000115.ppm [rgb]
-1 1551104374.760453 00000116.ppm [rgb]
-1 1551104374.789448 00000117.ppm [rgb]
-1 1551104374.820265 00000118.ppm [rgb]
-1 1551104374.849490 00000119.ppm [rgb]
-1 1551104374.899324 00000120.ppm [rgb]
-1 1551104374.940234 00000121.ppm [rgb]
-1 1551104374.970206 00000122.ppm [rgb]
-1 1551104375.001454 00000123.ppm [rgb]
-1 1551104375.030606 00000124.ppm [rgb]
-1 1551104375.063315 00000125.ppm [rgb]
-1 1551104375.093588 00000126.ppm [rgb]
-1 1551104375.121119 00000127.ppm [rgb]
-1 1551104375.150972 00000128.ppm [rgb]
-1 1551104375.181716 00000129.ppm [rgb]
-1 1551104375.211167 00000130.ppm [rgb]
-1 1551104375.242373 00000131.ppm [rgb]
-1 1551104375.272189 00000132.ppm [rgb]
-1 1551104375.302355 00000133.ppm [rgb]
-1 1551104375.332861 00000134.ppm [rgb]
-1 1551104375.364590 00000135.ppm [rgb]
-1 1551104375.392118 00000136.ppm [rgb]
-1 1551104375.438921 00000137.ppm [rgb]
-1 1551104375.454602 00000138.ppm [rgb]
-1 1551104375.489863 00000139.ppm [rgb]
-1 1551104375.512227 00000140.ppm [rgb]
-1 1551104375.541811 00000141.ppm [rgb]
-1 1551104375.572249 00000142.ppm [rgb]
-1 1551104375.601623 00000143.ppm [rgb]
-1 1551104375.631218 00000144.ppm [rgb]
-1 1551104375.694273 00000145.ppm [rgb]
-1 1551104375.724957 00000146.ppm [rgb]
-1 1551104375.769927 00000147.ppm [rgb]
-1 1551104375.784524 00000148.ppm [rgb]
-1 1551104375.874570 00000149.ppm [rgb]
-1 1551104375.931707 00000150.ppm [rgb]
-1 1551104375.946596 00000151.ppm [rgb]
-1 1551104375.993793 00000152.ppm [rgb]
-1 1551104376.006217 00000153.ppm [rgb]
-1 1551104376.034401 00000154.ppm [rgb]
-1 1551104376.066965 00000155.ppm [rgb]
-1 1551104376.115739 00000156.ppm [rgb]
-1 1551104376.155957 00000157.ppm [rgb]
-1 1551104376.187811 00000158.ppm [rgb]
-1 1551104376.218857 00000159.ppm [rgb]
-1 1551104376.266541 00000160.ppm [rgb]
-1 1551104376.282580 00000161.ppm [rgb]
-1 1551104376.308513 00000162.ppm [rgb]
-1 1551104376.339332 00000163.ppm [rgb]
-1 1551104376.368940 00000164.ppm [rgb]
-1 1551104376.399548 00000165.ppm [rgb]
-1 1551104376.477846 00000166.ppm [rgb]
-1 1551104376.550678 00000167.ppm [rgb]
-1 1551104376.580334 00000168.ppm [rgb]
-1 1551104376.627421 00000169.ppm [rgb]
-1 1551104376.641033 00000170.ppm [rgb]
-1 1551104376.670255 00000171.ppm [rgb]
-1 1551104376.700687 00000172.ppm [rgb]
-1 1551104376.752030 00000173.ppm [rgb]
-1 1551104376.764978 00000174.ppm [rgb]
-1 1551104376.792463 00000175.ppm [rgb]
-1 1551104376.824178 00000176.ppm [rgb]
-1 1551104376.902755 00000177.ppm [rgb]
-1 1551104376.946607 00000178.ppm [rgb]
-1 1551104376.988309 00000179.ppm [rgb]
-1 1551104377.092534 00000180.ppm [rgb]
-1 1551104377.156943 00000181.ppm [rgb]
-1 1551104377.185279 00000182.ppm [rgb]
-1 1551104377.276382 00000183.ppm [rgb]
-1 1551104377.306076 00000184.ppm [rgb]
-1 1551104377.338157 00000185.ppm [rgb]
-1 1551104377.366447 00000186.ppm [rgb]
-1 1551104377.395963 00000187.ppm [rgb]
-1 1551104377.426344 00000188.ppm [rgb]
-1 1551104377.456748 00000189.ppm [rgb]
-1 1551104377.487480 00000190.ppm [rgb]
-1 1551104377.517238 00000191.ppm [rgb]
-1 1551104377.549115 00000192.ppm [rgb]
-1 1551104377.578325 00000193.ppm [rgb]
-1 1551104377.607259 00000194.ppm [rgb]
-1 1551104377.657784 00000195.ppm [rgb]
-1 1551104377.672112 00000196.ppm [rgb]
-1 1551104377.715044 00000197.ppm [rgb]
-1 1551104377.730373 00000198.ppm [rgb]
-1 1551104377.819097 00000199.ppm [rgb]
-1 1551104377.848815 00000200.ppm [rgb]
-1 1551104377.910045 00000201.ppm [rgb]
-1 1551104377.940649 00000202.ppm [rgb]
-1 1551104377.973236 00000203.ppm [rgb]
-1 1551104378.002157 00000204.ppm [rgb]
-1 1551104378.060886 00000205.ppm [rgb]
-1 1551104378.090312 00000206.ppm [rgb]
-1 1551104378.122828 00000207.ppm [rgb]
-1 1551104378.171486 00000208.ppm [rgb]
-1 1551104378.241751 00000209.ppm [rgb]
-1 1551104378.305254 00000210.ppm [rgb]
-1 1551104378.334626 00000211.ppm [rgb]
-1 1551104378.383965 00000212.ppm [rgb]
-1 1551104378.506237 00000213.ppm [rgb]
-1 1551104378.517324 00000214.ppm [rgb]
-1 1551104378.546333 00000215.ppm [rgb]
-1 1551104378.577821 00000216.ppm [rgb]
-1 1551104378.638298 00000217.ppm [rgb]
-1 1551104378.669408 00000218.ppm [rgb]
-1 1551104378.698176 00000219.ppm [rgb]
-1 1551104378.728370 00000220.ppm [rgb]
-1 1551104378.757418 00000221.ppm [rgb]
-1 1551104378.787699 00000222.ppm [rgb]
-1 1551104378.818463 00000223.ppm [rgb]
-1 1551104378.847711 00000224.ppm [rgb]
-1 1551104378.878446 00000225.ppm [rgb]
-1 1551104378.908333 00000226.ppm [rgb]
-1 1551104378.955457 00000227.ppm [rgb]
-1 1551104378.970521 00000228.ppm [rgb]
-1 1551104379.000964 00000229.ppm [rgb]
-1 1551104379.029783 00000230.ppm [rgb]
-1 1551104379.076135 00000231.ppm [rgb]
-1 1551104379.090318 00000232.ppm [rgb]
-1 1551104379.179268 00000233.ppm [rgb]
-1 1551104379.237244 00000234.ppm [rgb]
-1 1551104379.299089 00000235.ppm [rgb]
-1 1551104379.328922 00000236.ppm [rgb]
-1 1551104379.361178 00000237.ppm [rgb]
-1 1551104379.439996 00000238.ppm [rgb]
-1 1551104379.453145 00000239.ppm [rgb]
-1 1551104379.481081 00000240.ppm [rgb]
-1 1551104379.530979 00000241.ppm [rgb]
-1 1551104379.542589 00000242.ppm [rgb]
-1 1551104379.587342 00000243.ppm [rgb]
-1 1551104379.601701 00000244.ppm [rgb]
-1 1551104379.633094 00000245.ppm [rgb]
-1 1551104379.662723 00000246.ppm [rgb]
-1 1551104379.692701 00000247.ppm [rgb]
-1 1551104379.723683 00000248.ppm [rgb]
-1 1551104379.752425 00000249.ppm [rgb]
-1 1551104379.782137 00000250.ppm [rgb]
-1 1551104379.813952 00000251.ppm [rgb]
-1 1551104379.843394 00000252.ppm [rgb]
-1 1551104379.873408 00000253.ppm [rgb]
-1 1551104379.903638 00000254.ppm [rgb]
-1 1551104379.933624 00000255.ppm [rgb]
-1 1551104379.964770 00000256.ppm [rgb]
-1 1551104380.083627 00000257.ppm [rgb]
-1 1551104380.114553 00000258.ppm [rgb]
-1 1551104380.147135 00000259.ppm [rgb]
-1 1551104380.176683 00000260.ppm [rgb]
-1 1551104380.207809 00000261.ppm [rgb]
-1 1551104380.298515 00000262.ppm [rgb]
-1 1551104380.326596 00000263.ppm [rgb]
-1 1551104380.355799 00000264.ppm [rgb]
-1 1551104380.417763 00000265.ppm [rgb]
-1 1551104380.444905 00000266.ppm [rgb]
-1 1551104380.475720 00000267.ppm [rgb]
-1 1551104380.566971 00000268.ppm [rgb]
-1 1551104380.625816 00000269.ppm [rgb]
-1 1551104380.647104 00000270.ppm [rgb]
-1 1551104380.664917 00000271.ppm [rgb]
-1 1551104380.695799 00000272.ppm [rgb]
-1 1551104380.726256 00000273.ppm [rgb]
-1 1551104380.755749 00000274.ppm [rgb]
-1 1551104380.787584 00000275.ppm [rgb]
-1 1551104380.817965 00000276.ppm [rgb]
-1 1551104380.877773 00000277.ppm [rgb]
-1 1551104380.906168 00000278.ppm [rgb]
-1 1551104380.953413 00000279.ppm [rgb]
-1 1551104380.995245 00000280.ppm [rgb]
-1 1551104381.026038 00000281.ppm [rgb]
-1 1551104381.077635 00000282.ppm [rgb]
-1 1551104381.091769 00000283.ppm [rgb]
-1 1551104381.144745 00000284.ppm [rgb]
-1 1551104381.214718 00000285.ppm [rgb]
-1 1551104381.245017 00000286.ppm [rgb]
-1 1551104381.276642 00000287.ppm [rgb]
-1 1551104381.306204 00000288.ppm [rgb]
-1 1551104381.335788 00000289.ppm [rgb]
-1 1551104381.366285 00000290.ppm [rgb]
-1 1551104381.397469 00000291.ppm [rgb]
-1 1551104381.426084 00000292.ppm [rgb]
-1 1551104381.456070 00000293.ppm [rgb]
-1 1551104381.485518 00000294.ppm [rgb]
-1 1551104381.516279 00000295.ppm [rgb]
-1 1551104381.565740 00000296.ppm [rgb]
-1 1551104381.581069 00000297.ppm [rgb]
-1 1551104381.608102 00000298.ppm [rgb]
-1 1551104381.668347 00000299.ppm [rgb]
-1 1551104381.713189 00000300.ppm [rgb]
-1 1551104381.781076 00000301.ppm [rgb]
-1 1551104381.820116 00000302.ppm [rgb]
-1 1551104381.880227 00000303.ppm [rgb]
-1 1551104381.911078 00000304.ppm [rgb]
-1 1551104381.941809 00000305.ppm [rgb]
-1 1551104381.971629 00000306.ppm [rgb]
-1 1551104382.001254 00000307.ppm [rgb]
-1 1551104382.052693 00000308.ppm [rgb]
-1 1551104382.065670 00000309.ppm [rgb]
-1 1551104382.092657 00000310.ppm [rgb]
-1 1551104382.155097 00000311.ppm [rgb]
-1 1551104382.207730 00000312.ppm [rgb]
-1 1551104382.275380 00000313.ppm [rgb]
-1 1551104382.304878 00000314.ppm [rgb]
-1 1551104382.336069 00000315.ppm [rgb]
-1 1551104382.396962 00000316.ppm [rgb]
-1 1551104382.426958 00000317.ppm [rgb]
-1 1551104382.454984 00000318.ppm [rgb]
-1 1551104382.486179 00000319.ppm [rgb]
-1 1551104382.516026 00000320.ppm [rgb]
-1 1551104382.546762 00000321.ppm [rgb]
-1 1551104382.595561 00000322.ppm [rgb]
-1 1551104382.637122 00000323.ppm [rgb]
-1 1551104382.669201 00000324.ppm [rgb]
-1 1551104382.698594 00000325.ppm [rgb]
-1 1551104382.748588 00000326.ppm [rgb]
-1 1551104382.762480 00000327.ppm [rgb]
-1 1551104382.805749 00000328.ppm [rgb]
-1 1551104382.820414 00000329.ppm [rgb]
-1 1551104382.851267 00000330.ppm [rgb]
-1 1551104382.882047 00000331.ppm [rgb]
-1 1551104382.911857 00000332.ppm [rgb]
-1 1551104382.941756 00000333.ppm [rgb]
-1 1551104383.004415 00000334.ppm [rgb]
-1 1551104383.035151 00000335.ppm [rgb]
-1 1551104383.062593 00000336.ppm [rgb]
-1 1551104383.092486 00000337.ppm [rgb]
-1 1551104383.123981 00000338.ppm [rgb]
-1 1551104383.153647 00000339.ppm [rgb]
-1 1551104383.181955 00000340.ppm [rgb]
-1 1551104383.233437 00000341.ppm [rgb]
-1 1551104383.248902 00000342.ppm [rgb]
-1 1551104383.276071 00000343.ppm [rgb]
-1 1551104383.306464 00000344.ppm [rgb]
-1 1551104383.336562 00000345.ppm [rgb]
-1 1551104383.366355 00000346.ppm [rgb]
-1 1551104383.398367 00000347.ppm [rgb]
-1 1551104383.486999 00000348.ppm [rgb]
-1 1551104383.524937 00000349.ppm [rgb]
-1 1551104383.577970 00000350.ppm [rgb]
-1 1551104383.698889 00000351.ppm [rgb]
-1 1551104383.730673 00000352.ppm [rgb]
-1 1551104383.787502 00000353.ppm [rgb]
-1 1551104383.816460 00000354.ppm [rgb]
-1 1551104383.907044 00000355.ppm [rgb]
-1 1551104383.937905 00000356.ppm [rgb]
-1 1551104383.968298 00000357.ppm [rgb]
-1 1551104384.029591 00000358.ppm [rgb]
-1 1551104384.061154 00000359.ppm [rgb]
-1 1551104384.118806 00000360.ppm [rgb]
-1 1551104384.148461 00000361.ppm [rgb]
-1 1551104384.177526 00000362.ppm [rgb]
-1 1551104384.237659 00000363.ppm [rgb]
-1 1551104384.269436 00000364.ppm [rgb]
-1 1551104384.298648 00000365.ppm [rgb]
-1 1551104384.330611 00000366.ppm [rgb]
-1 1551104384.359609 00000367.ppm [rgb]
-1 1551104384.388918 00000368.ppm [rgb]
-1 1551104384.418912 00000369.ppm [rgb]
-1 1551104384.450295 00000370.ppm [rgb]
-1 1551104384.478049 00000371.ppm [rgb]
-1 1551104384.507049 00000372.ppm [rgb]
-1 1551104384.560697 00000373.ppm [rgb]
-1 1551104384.573966 00000374.ppm [rgb]
-1 1551104384.601883 00000375.ppm [rgb]
-1 1551104384.630601 00000376.ppm [rgb]
-1 1551104384.682563 00000377.ppm [rgb]
-1 1551104384.694633 00000378.ppm [rgb]
-1 1551104384.724648 00000379.ppm [rgb]
-1 1551104384.753436 00000380.ppm [rgb]
-1 1551104384.781242 00000381.ppm [rgb]
-1 1551104384.813085 00000382.ppm [rgb]
-1 1551104384.843958 00000383.ppm [rgb]
-1 1551104384.875756 00000384.ppm [rgb]
-1 1551104384.922945 00000385.ppm [rgb]
-1 1551104384.935705 00000386.ppm [rgb]
-1 1551104384.971617 00000387.ppm [rgb]
-1 1551104384.992695 00000388.ppm [rgb]
-1 1551104385.024580 00000389.ppm [rgb]
-1 1551104385.056265 00000390.ppm [rgb]
-1 1551104385.084023 00000391.ppm [rgb]
-1 1551104385.113635 00000392.ppm [rgb]
-1 1551104385.144260 00000393.ppm [rgb]
-1 1551104385.174574 00000394.ppm [rgb]
-1 1551104385.203295 00000395.ppm [rgb]
-1 1551104385.233828 00000396.ppm [rgb]
-1 1551104385.264024 00000397.ppm [rgb]
-1 1551104385.294212 00000398.ppm [rgb]
-1 1551104385.324653 00000399.ppm [rgb]
